<?xml version="1.0" encoding="UTF-8"?>
<testsuite xmlns:xsi="http://www.w3.org/2001/XMLSchema-instance" xsi:noNamespaceSchemaLocation="https://maven.apache.org/surefire/maven-surefire-plugin/xsd/surefire-test-report-3.0.xsd" version="3.0" name="ec.edu.espe.arquitectura.banquito.loan.controller.AmortizationControllerTest" time="7.975" tests="4" errors="0" skipped="0" failures="0">
  <properties>
[...]
</properties>
  <testcase name="simulateAmortization" classname="ec.edu.espe.arquitectura.banquito.loan.controller.AmortizationControllerTest" time="0.659">
    <system-out><![CDATA[08:51:27.176 [main] INFO org.springframework.test.context.support.AnnotationConfigContextLoaderUtils -- Could not detect default configuration classes for test class [ec.edu.espe.arquitectura.banquito.loan.controller.AmortizationControllerTest]: AmortizationControllerTest does not declare any static, non-private, non-final, nested classes annotated with @Configuration.
08:51:27.672 [main] INFO org.springframework.boot.test.context.SpringBootTestContextBootstrapper -- Found @SpringBootConfiguration ec.edu.espe.arquitectura.banquito.loan.LoanApplication for test class ec.edu.espe.arquitectura.banquito.loan.controller.AmortizationControllerTest

  .   ____          _            __ _ _
 /\\ / ___'_ __ _ _(_)_ __  __ _ \ \ \ \
( ( )\___ | '_ | '_| | '_ \/ _` | \ \ \ \
 \\/  ___)| |_)| | | | | || (_| |  ) ) ) )
  '  |____| .__|_| |_|_| |_\__, | / / / /
 =========|_|==============|___/=/_/_/_/
 :: Spring Boot ::                (v3.1.1)

2023-08-31T08:51:29.084-05:00  INFO 13060 --- [           main] e.e.e.a.b.l.c.AmortizationControllerTest : Starting AmortizationControllerTest using Java 17.0.7 with PID 13060 (started by Omar in C:\Users\Omar\Desktop\ME\PILOSO U\Arqui\Preyecto Arqui\newLoan)
2023-08-31T08:51:29.087-05:00  INFO 13060 --- [           main] e.e.e.a.b.l.c.AmortizationControllerTest : No active profile set, falling back to 1 default profile: "default"
2023-08-31T08:51:33.434-05:00  INFO 13060 --- [           main] o.s.b.t.m.w.SpringBootMockServletContext : Initializing Spring TestDispatcherServlet ''
2023-08-31T08:51:33.435-05:00  INFO 13060 --- [           main] o.s.t.web.servlet.TestDispatcherServlet  : Initializing Servlet ''
2023-08-31T08:51:33.442-05:00  INFO 13060 --- [           main] o.s.t.web.servlet.TestDispatcherServlet  : Completed initialization in 2 ms
2023-08-31T08:51:33.486-05:00  INFO 13060 --- [           main] e.e.e.a.b.l.c.AmortizationControllerTest : Started AmortizationControllerTest in 5.597 seconds (process running for 8.279)

MockHttpServletRequest:
      HTTP Method = POST
      Request URI = /api/v1/amortization/simulate
       Parameters = {}
          Headers = [Content-Type:"application/json;charset=UTF-8", Content-Length:"56"]
             Body = {"type":"FRA","amount":10000,"repaymentInstallments":10}
    Session Attrs = {}

Handler:
             Type = ec.edu.espe.arquitectura.banquito.loan.controller.AmortizationController
           Method = ec.edu.espe.arquitectura.banquito.loan.controller.AmortizationController#simulateAmortization(AmortizationSimulationRQ)

Async:
    Async started = false
     Async result = null

Resolved Exception:
             Type = null

ModelAndView:
        View name = null
             View = null
            Model = null

FlashMap:
       Attributes = null

MockHttpServletResponse:
           Status = 200
    Error message = null
          Headers = [Content-Type:"application/json"]
     Content type = application/json
             Body = []
    Forwarded URL = null
   Redirected URL = null
          Cookies = []
]]></system-out>
  </testcase>
  <testcase name="findByLoanTest" classname="ec.edu.espe.arquitectura.banquito.loan.controller.AmortizationControllerTest" time="0.144">
    <system-out><![CDATA[
MockHttpServletRequest:
      HTTP Method = GET
      Request URI = /api/v1/amortization/findByLoan/76af3962-648b-4863-9a66-160a5b5cd6a7
       Parameters = {}
          Headers = [Content-Type:"application/json;charset=UTF-8"]
             Body = null
    Session Attrs = {}

Handler:
             Type = ec.edu.espe.arquitectura.banquito.loan.controller.AmortizationController
           Method = ec.edu.espe.arquitectura.banquito.loan.controller.AmortizationController#findByLoan(String)

Async:
    Async started = false
     Async result = null

Resolved Exception:
             Type = null

ModelAndView:
        View name = null
             View = null
            Model = null

FlashMap:
       Attributes = null

MockHttpServletResponse:
           Status = 200
    Error message = null
          Headers = [Content-Type:"application/json"]
     Content type = application/json
             Body = [{"id":1,"loanUuid":"76af3962-648b-4863-9a66-160a5b5cd6a7","uuid":"88d5990e-279f-4811-ad11-7265d7c2671a","type":"FRA","quotaNum":1,"dueDate":"2023-08-31T13:51:34.206+00:00","quotaCapital":10000,"quotaInterest":100,"quotaAmount":10100,"remainingBalance":10000,"quotaStatus":"PEN"},{"id":2,"loanUuid":"76af3962-648b-4863-9a66-160a5b5cd6a7","uuid":"8dbb09c3-eb86-4b98-a11e-36ab3a72915f","type":"FRA","quotaNum":2,"dueDate":"2023-08-31T13:51:34.207+00:00","quotaCapital":10000,"quotaInterest":100,"quotaAmount":10100,"remainingBalance":10000,"quotaStatus":"PEN"}]
    Forwarded URL = null
   Redirected URL = null
          Cookies = []
]]></system-out>
  </testcase>
  <testcase name="generateAmortization" classname="ec.edu.espe.arquitectura.banquito.loan.controller.AmortizationControllerTest" time="0.062">
    <system-out><![CDATA[
MockHttpServletRequest:
      HTTP Method = POST
      Request URI = /api/v1/amortization/generate
       Parameters = {}
          Headers = [Content-Type:"application/json;charset=UTF-8", Content-Length:"25"]
             Body = {"loanId":1,"type":"FRA"}
    Session Attrs = {}

Handler:
             Type = ec.edu.espe.arquitectura.banquito.loan.controller.AmortizationController
           Method = ec.edu.espe.arquitectura.banquito.loan.controller.AmortizationController#generateAmortization(AmortizationRQ)

Async:
    Async started = false
     Async result = null

Resolved Exception:
             Type = null

ModelAndView:
        View name = null
             View = null
            Model = null

FlashMap:
       Attributes = null

MockHttpServletResponse:
           Status = 200
    Error message = null
          Headers = [Content-Type:"application/json"]
     Content type = application/json
             Body = []
    Forwarded URL = null
   Redirected URL = null
          Cookies = []
]]></system-out>
  </testcase>
  <testcase name="findByLoanAndQuotaStatus" classname="ec.edu.espe.arquitectura.banquito.loan.controller.AmortizationControllerTest" time="0.045">
    <system-out><![CDATA[
MockHttpServletRequest:
      HTTP Method = GET
      Request URI = /api/v1/amortization/findByLoan-status/0b783ec0-854b-4277-acea-2d7be6c5031d/PEN
       Parameters = {}
          Headers = [Content-Type:"application/json;charset=UTF-8"]
             Body = null
    Session Attrs = {}

Handler:
             Type = ec.edu.espe.arquitectura.banquito.loan.controller.AmortizationController
           Method = ec.edu.espe.arquitectura.banquito.loan.controller.AmortizationController#findByLoanAndQuotaStatus(String, String)

Async:
    Async started = false
     Async result = null

Resolved Exception:
             Type = null

ModelAndView:
        View name = null
             View = null
            Model = null

FlashMap:
       Attributes = null

MockHttpServletResponse:
           Status = 200
    Error message = null
          Headers = [Content-Type:"application/json"]
     Content type = application/json
             Body = [{"id":1,"loanUuid":"0b783ec0-854b-4277-acea-2d7be6c5031d","uuid":"5117a1b9-86b1-4954-98aa-6b982d1a9cfc","type":"FRA","quotaNum":1,"dueDate":"2023-08-31T13:51:34.466+00:00","quotaCapital":10000,"quotaInterest":100,"quotaAmount":10100,"remainingBalance":10000,"quotaStatus":"PEN"},{"id":2,"loanUuid":"0b783ec0-854b-4277-acea-2d7be6c5031d","uuid":"8dedb49e-8ba5-4741-a5d2-ead368e51773","type":"FRA","quotaNum":2,"dueDate":"2023-08-31T13:51:34.466+00:00","quotaCapital":10000,"quotaInterest":100,"quotaAmount":10100,"remainingBalance":10000,"quotaStatus":"PEN"}]
    Forwarded URL = null
   Redirected URL = null
          Cookies = []
]]></system-out>
  </testcase>
</testsuite>