<?xml version="1.0" encoding="UTF-8"?>
<testsuite xmlns:xsi="http://www.w3.org/2001/XMLSchema-instance" xsi:noNamespaceSchemaLocation="https://maven.apache.org/surefire/maven-surefire-plugin/xsd/surefire-test-report-3.0.xsd" version="3.0" name="ec.edu.espe.arquitectura.banquito.loan.service.AmortizationServiceTest" time="0.712" tests="10" errors="0" skipped="0" failures="0">
  <properties>
[...]
</properties>
  <testcase name="generateAmortizationThrowExceptionWhenLoanNotFound" classname="ec.edu.espe.arquitectura.banquito.loan.service.AmortizationServiceTest" time="0.656"/>
  <testcase name="generateAmortizationThrowExceptionTypeNotFound" classname="ec.edu.espe.arquitectura.banquito.loan.service.AmortizationServiceTest" time="0.004"/>
  <testcase name="simulateAmortizationGermanTest" classname="ec.edu.espe.arquitectura.banquito.loan.service.AmortizationServiceTest" time="0.005"/>
  <testcase name="findByLoanUuidAmortizationTest" classname="ec.edu.espe.arquitectura.banquito.loan.service.AmortizationServiceTest" time="0.005"/>
  <testcase name="findByLoanUuidAndQuotaStatusAmortizationTestThrowException" classname="ec.edu.espe.arquitectura.banquito.loan.service.AmortizationServiceTest" time="0.005"/>
  <testcase name="generateAmortizationFrenchTest" classname="ec.edu.espe.arquitectura.banquito.loan.service.AmortizationServiceTest" time="0.009"/>
  <testcase name="findByLoanUuidAndQuotaStatusAmortizationTest" classname="ec.edu.espe.arquitectura.banquito.loan.service.AmortizationServiceTest" time="0.003"/>
  <testcase name="simulateAmortizationFrenchTest" classname="ec.edu.espe.arquitectura.banquito.loan.service.AmortizationServiceTest" time="0.006"/>
  <testcase name="findByLoanUuidAmortizationTestTrowException" classname="ec.edu.espe.arquitectura.banquito.loan.service.AmortizationServiceTest" time="0.004"/>
  <testcase name="generateAmortizationGermanTest" classname="ec.edu.espe.arquitectura.banquito.loan.service.AmortizationServiceTest" time="0.004"/>
</testsuite>