<?xml version="1.0" encoding="UTF-8"?>
<testsuite xmlns:xsi="http://www.w3.org/2001/XMLSchema-instance" xsi:noNamespaceSchemaLocation="https://maven.apache.org/surefire/maven-surefire-plugin/xsd/surefire-test-report-3.0.xsd" version="3.0" name="ec.edu.espe.arquitectura.banquito.loan.controller.AmortizationControllerTest" time="4.122" tests="4" errors="0" skipped="0" failures="0">
  <properties>
[...]
</properties>
  <testcase name="simulateAmortization" classname="ec.edu.espe.arquitectura.banquito.loan.controller.AmortizationControllerTest" time="0.32">
    <system-out><![CDATA[01:05:46.447 [main] INFO org.springframework.test.context.support.AnnotationConfigContextLoaderUtils -- Could not detect default configuration classes for test class [ec.edu.espe.arquitectura.banquito.loan.controller.AmortizationControllerTest]: AmortizationControllerTest does not declare any static, non-private, non-final, nested classes annotated with @Configuration.
01:05:46.714 [main] INFO org.springframework.boot.test.context.SpringBootTestContextBootstrapper -- Found @SpringBootConfiguration ec.edu.espe.arquitectura.banquito.loan.LoanApplication for test class ec.edu.espe.arquitectura.banquito.loan.controller.AmortizationControllerTest

  .   ____          _            __ _ _
 /\\ / ___'_ __ _ _(_)_ __  __ _ \ \ \ \
( ( )\___ | '_ | '_| | '_ \/ _` | \ \ \ \
 \\/  ___)| |_)| | | | | || (_| |  ) ) ) )
  '  |____| .__|_| |_|_| |_\__, | / / / /
 =========|_|==============|___/=/_/_/_/
 :: Spring Boot ::                (v3.1.1)

2023-09-01T01:05:47.175-05:00  INFO 9132 --- [           main] e.e.e.a.b.l.c.AmortizationControllerTest : Starting AmortizationControllerTest using Java 17.0.7 with PID 9132 (started by dan in D:\deberes\espe\2023 primero\arquitectura\tercer parcial\BackendBanquito\banquito-ws-loans)
2023-09-01T01:05:47.177-05:00  INFO 9132 --- [           main] e.e.e.a.b.l.c.AmortizationControllerTest : No active profile set, falling back to 1 default profile: "default"
2023-09-01T01:05:49.839-05:00  INFO 9132 --- [           main] o.s.b.t.m.w.SpringBootMockServletContext : Initializing Spring TestDispatcherServlet ''
2023-09-01T01:05:49.839-05:00  INFO 9132 --- [           main] o.s.t.web.servlet.TestDispatcherServlet  : Initializing Servlet ''
2023-09-01T01:05:49.845-05:00  INFO 9132 --- [           main] o.s.t.web.servlet.TestDispatcherServlet  : Completed initialization in 2 ms
2023-09-01T01:05:49.871-05:00  INFO 9132 --- [           main] e.e.e.a.b.l.c.AmortizationControllerTest : Started AmortizationControllerTest in 3.065 seconds (process running for 4.841)

MockHttpServletRequest:
      HTTP Method = POST
      Request URI = /api/v1/amortization/simulate
       Parameters = {}
          Headers = [Content-Type:"application/json;charset=UTF-8", Content-Length:"56"]
             Body = {"type":"FRA","amount":10000,"repaymentInstallments":10}
    Session Attrs = {}

Handler:
             Type = ec.edu.espe.arquitectura.banquito.loan.controller.AmortizationController
           Method = ec.edu.espe.arquitectura.banquito.loan.controller.AmortizationController#simulateAmortization(AmortizationSimulationRQ)

Async:
    Async started = false
     Async result = null

Resolved Exception:
             Type = null

ModelAndView:
        View name = null
             View = null
            Model = null

FlashMap:
       Attributes = null

MockHttpServletResponse:
           Status = 200
    Error message = null
          Headers = [Content-Type:"application/json"]
     Content type = application/json
             Body = []
    Forwarded URL = null
   Redirected URL = null
          Cookies = []
]]></system-out>
  </testcase>
  <testcase name="findByLoanTest" classname="ec.edu.espe.arquitectura.banquito.loan.controller.AmortizationControllerTest" time="0.044">
    <system-out><![CDATA[
MockHttpServletRequest:
      HTTP Method = GET
      Request URI = /api/v1/amortization/findByLoan/390d300f-cf24-4060-88af-ce1190c79403
       Parameters = {}
          Headers = [Content-Type:"application/json;charset=UTF-8"]
             Body = null
    Session Attrs = {}

Handler:
             Type = ec.edu.espe.arquitectura.banquito.loan.controller.AmortizationController
           Method = ec.edu.espe.arquitectura.banquito.loan.controller.AmortizationController#findByLoan(String)

Async:
    Async started = false
     Async result = null

Resolved Exception:
             Type = null

ModelAndView:
        View name = null
             View = null
            Model = null

FlashMap:
       Attributes = null

MockHttpServletResponse:
           Status = 200
    Error message = null
          Headers = [Content-Type:"application/json"]
     Content type = application/json
             Body = [{"id":1,"loanUuid":"390d300f-cf24-4060-88af-ce1190c79403","uuid":"5fc52371-cb6a-44a1-98e1-4adb89aaa66c","type":"FRA","quotaNum":1,"dueDate":"2023-09-01T06:05:50.222+00:00","quotaCapital":10000,"quotaInterest":100,"quotaAmount":10100,"remainingBalance":10000,"quotaStatus":"PEN"},{"id":2,"loanUuid":"390d300f-cf24-4060-88af-ce1190c79403","uuid":"d79a53f5-e8c7-413f-8838-e0d1e8990a72","type":"FRA","quotaNum":2,"dueDate":"2023-09-01T06:05:50.222+00:00","quotaCapital":10000,"quotaInterest":100,"quotaAmount":10100,"remainingBalance":10000,"quotaStatus":"PEN"}]
    Forwarded URL = null
   Redirected URL = null
          Cookies = []
]]></system-out>
  </testcase>
  <testcase name="generateAmortization" classname="ec.edu.espe.arquitectura.banquito.loan.controller.AmortizationControllerTest" time="0.024">
    <system-out><![CDATA[
MockHttpServletRequest:
      HTTP Method = POST
      Request URI = /api/v1/amortization/generate
       Parameters = {}
          Headers = [Content-Type:"application/json;charset=UTF-8", Content-Length:"25"]
             Body = {"loanId":1,"type":"FRA"}
    Session Attrs = {}

Handler:
             Type = ec.edu.espe.arquitectura.banquito.loan.controller.AmortizationController
           Method = ec.edu.espe.arquitectura.banquito.loan.controller.AmortizationController#generateAmortization(AmortizationRQ)

Async:
    Async started = false
     Async result = null

Resolved Exception:
             Type = null

ModelAndView:
        View name = null
             View = null
            Model = null

FlashMap:
       Attributes = null

MockHttpServletResponse:
           Status = 200
    Error message = null
          Headers = [Content-Type:"application/json"]
     Content type = application/json
             Body = []
    Forwarded URL = null
   Redirected URL = null
          Cookies = []
]]></system-out>
  </testcase>
  <testcase name="findByLoanAndQuotaStatus" classname="ec.edu.espe.arquitectura.banquito.loan.controller.AmortizationControllerTest" time="0.01">
    <system-out><![CDATA[
MockHttpServletRequest:
      HTTP Method = GET
      Request URI = /api/v1/amortization/findByLoan-status/fff81886-3358-4f48-93ac-a324064e4c16/PEN
       Parameters = {}
          Headers = [Content-Type:"application/json;charset=UTF-8"]
             Body = null
    Session Attrs = {}

Handler:
             Type = ec.edu.espe.arquitectura.banquito.loan.controller.AmortizationController
           Method = ec.edu.espe.arquitectura.banquito.loan.controller.AmortizationController#findByLoanAndQuotaStatus(String, String)

Async:
    Async started = false
     Async result = null

Resolved Exception:
             Type = null

ModelAndView:
        View name = null
             View = null
            Model = null

FlashMap:
       Attributes = null

MockHttpServletResponse:
           Status = 200
    Error message = null
          Headers = [Content-Type:"application/json"]
     Content type = application/json
             Body = [{"id":1,"loanUuid":"fff81886-3358-4f48-93ac-a324064e4c16","uuid":"0544ae5a-e0d9-4281-9de1-c89fa7bdc6f5","type":"FRA","quotaNum":1,"dueDate":"2023-09-01T06:05:50.298+00:00","quotaCapital":10000,"quotaInterest":100,"quotaAmount":10100,"remainingBalance":10000,"quotaStatus":"PEN"},{"id":2,"loanUuid":"fff81886-3358-4f48-93ac-a324064e4c16","uuid":"818d3c0d-9cac-43a0-b8d4-83f3325ad35d","type":"FRA","quotaNum":2,"dueDate":"2023-09-01T06:05:50.298+00:00","quotaCapital":10000,"quotaInterest":100,"quotaAmount":10100,"remainingBalance":10000,"quotaStatus":"PEN"}]
    Forwarded URL = null
   Redirected URL = null
          Cookies = []
]]></system-out>
  </testcase>
</testsuite>